2021/09/09 13:32:57 [notice] 1#1: using the "epoll" event method
2021/09/09 13:32:57 [notice] 1#1: nginx/1.21.1
2021/09/09 13:32:57 [notice] 1#1: built by gcc 8.3.0 (Debian 8.3.0-6) 
2021/09/09 13:32:57 [notice] 1#1: OS: Linux 5.10.16.3-microsoft-standard-WSL2
2021/09/09 13:32:57 [notice] 1#1: getrlimit(RLIMIT_NOFILE): 1048576:1048576
2021/09/09 13:32:57 [notice] 1#1: start worker processes
2021/09/09 13:32:57 [notice] 1#1: start worker process 22
2021/09/09 13:32:57 [notice] 1#1: start worker process 23
2021/09/09 13:32:57 [notice] 1#1: start worker process 24
2021/09/09 13:32:57 [notice] 1#1: start worker process 25
2021/09/09 13:32:57 [notice] 1#1: start worker process 26
2021/09/09 13:32:57 [notice] 1#1: start worker process 27
2021/09/09 13:32:57 [notice] 1#1: start worker process 28
2021/09/09 13:32:57 [notice] 1#1: start worker process 29
2021/09/09 13:32:57 [notice] 1#1: start worker process 30
2021/09/09 13:32:57 [notice] 1#1: start worker process 31
2021/09/09 13:32:57 [notice] 1#1: start worker process 32
2021/09/09 13:32:57 [notice] 1#1: start worker process 33
2021/09/09 13:34:59 [error] 22#22: *1 open() "/var/www/hello.dev/favicon.ico" failed (2: No such file or directory), client: 172.18.0.1, server: hello.dev, request: "GET /favicon.ico HTTP/1.1", host: "localhost", referrer: "http://localhost/"
2021/09/09 13:37:25 [notice] 1#1: signal 3 (SIGQUIT) received, shutting down
2021/09/09 13:37:25 [notice] 22#22: gracefully shutting down
2021/09/09 13:37:25 [notice] 30#30: gracefully shutting down
2021/09/09 13:37:25 [notice] 23#23: gracefully shutting down
2021/09/09 13:37:25 [notice] 24#24: gracefully shutting down
2021/09/09 13:37:25 [notice] 25#25: gracefully shutting down
2021/09/09 13:37:25 [notice] 26#26: gracefully shutting down
2021/09/09 13:37:25 [notice] 27#27: gracefully shutting down
2021/09/09 13:37:25 [notice] 28#28: gracefully shutting down
2021/09/09 13:37:25 [notice] 29#29: gracefully shutting down
2021/09/09 13:37:25 [notice] 31#31: gracefully shutting down
2021/09/09 13:37:25 [notice] 32#32: gracefully shutting down
2021/09/09 13:37:25 [notice] 32#32: exiting
2021/09/09 13:37:25 [notice] 33#33: gracefully shutting down
2021/09/09 13:37:25 [notice] 30#30: exiting
2021/09/09 13:37:25 [notice] 23#23: exiting
2021/09/09 13:37:25 [notice] 24#24: exiting
2021/09/09 13:37:25 [notice] 25#25: exiting
2021/09/09 13:37:25 [notice] 26#26: exiting
2021/09/09 13:37:25 [notice] 27#27: exiting
2021/09/09 13:37:25 [notice] 28#28: exiting
2021/09/09 13:37:25 [notice] 29#29: exiting
2021/09/09 13:37:25 [notice] 31#31: exiting
2021/09/09 13:37:25 [notice] 32#32: exit
2021/09/09 13:37:25 [notice] 33#33: exiting
2021/09/09 13:37:25 [notice] 30#30: exit
2021/09/09 13:37:25 [notice] 23#23: exit
2021/09/09 13:37:25 [notice] 24#24: exit
2021/09/09 13:37:25 [notice] 25#25: exit
2021/09/09 13:37:25 [notice] 26#26: exit
2021/09/09 13:37:25 [notice] 27#27: exit
2021/09/09 13:37:25 [notice] 28#28: exit
2021/09/09 13:37:25 [notice] 29#29: exit
2021/09/09 13:37:25 [notice] 31#31: exit
2021/09/09 13:37:25 [notice] 33#33: exit
2021/09/09 13:37:25 [notice] 1#1: signal 17 (SIGCHLD) received from 23
2021/09/09 13:37:25 [notice] 1#1: worker process 23 exited with code 0
2021/09/09 13:37:25 [notice] 1#1: worker process 25 exited with code 0
2021/09/09 13:37:25 [notice] 1#1: worker process 28 exited with code 0
2021/09/09 13:37:25 [notice] 1#1: signal 29 (SIGIO) received
2021/09/09 13:37:25 [notice] 1#1: signal 17 (SIGCHLD) received from 25
2021/09/09 13:37:25 [notice] 1#1: signal 17 (SIGCHLD) received from 31
2021/09/09 13:37:25 [notice] 1#1: worker process 24 exited with code 0
2021/09/09 13:37:25 [notice] 1#1: worker process 27 exited with code 0
2021/09/09 13:37:25 [notice] 1#1: worker process 30 exited with code 0
2021/09/09 13:37:25 [notice] 1#1: worker process 31 exited with code 0
2021/09/09 13:37:25 [notice] 1#1: worker process 32 exited with code 0
2021/09/09 13:37:25 [notice] 1#1: worker process 33 exited with code 0
2021/09/09 13:37:25 [notice] 1#1: signal 29 (SIGIO) received
2021/09/09 13:37:25 [notice] 1#1: signal 17 (SIGCHLD) received from 27
2021/09/09 13:37:25 [notice] 1#1: signal 17 (SIGCHLD) received from 29
2021/09/09 13:37:25 [notice] 1#1: worker process 26 exited with code 0
2021/09/09 13:37:25 [notice] 1#1: worker process 29 exited with code 0
2021/09/09 13:37:25 [notice] 1#1: signal 29 (SIGIO) received
2021/09/09 13:37:25 [notice] 1#1: signal 17 (SIGCHLD) received from 26
2021/09/09 13:37:29 [notice] 1#1: signal 3 (SIGQUIT) received, shutting down
2021/09/09 13:37:44 [emerg] 1#1: unknown directive "127.0.0.1" in /etc/nginx/conf.d/hello-dev.conf:3
2021/09/09 13:38:00 [emerg] 1#1: unknown directive "127.0.0.1" in /etc/nginx/conf.d/hello-dev.conf:3
2021/09/09 13:38:12 [emerg] 1#1: unknown directive "127.0.0.1" in /etc/nginx/conf.d/hello-dev.conf:3
2021/09/09 13:38:38 [emerg] 1#1: unknown directive "127.0.0.1" in /etc/nginx/conf.d/hello-dev.conf:3
2021/09/09 13:39:22 [emerg] 1#1: unknown directive "172.18.0.4" in /etc/nginx/conf.d/hello-dev.conf:3
2021/09/09 13:42:07 [emerg] 1#1: unknown directive "172.29.96.1" in /etc/nginx/conf.d/hello-dev.conf:2
